{"D:\\MakeItReal\\Tareas\\Dia29\\Manana\\BE\\src\\app.js": {"path":"D:\\MakeItReal\\Tareas\\Dia29\\Manana\\BE\\src\\app.js","statementMap":{"0":{"start":{"line":1,"column":17},"end":{"line":1,"column":32}},"1":{"start":{"line":2,"column":13},"end":{"line":2,"column":28}},"2":{"start":{"line":3,"column":16},"end":{"line":3,"column":34}},"3":{"start":{"line":4,"column":18},"end":{"line":4,"column":48}},"4":{"start":{"line":5,"column":18},"end":{"line":5,"column":48}},"5":{"start":{"line":7,"column":12},"end":{"line":7,"column":21}},"6":{"start":{"line":9,"column":0},"end":{"line":9,"column":24}},"7":{"start":{"line":10,"column":0},"end":{"line":10,"column":16}},"8":{"start":{"line":11,"column":0},"end":{"line":11,"column":29}},"9":{"start":{"line":12,"column":0},"end":{"line":12,"column":29}},"10":{"start":{"line":14,"column":0},"end":{"line":14,"column":35}}},"fnMap":{},"branchMap":{},"s":{"0":1,"1":1,"2":1,"3":1,"4":1,"5":1,"6":1,"7":1,"8":1,"9":1,"10":1},"f":{},"b":{},"_coverageSchema":"1a1c01bbd47fc00a2c39e90264f33305004495a9","hash":"5618abefecd03f2ddde455951f75b09d876e712a"}
,"D:\\MakeItReal\\Tareas\\Dia29\\Manana\\BE\\src\\db.js": {"path":"D:\\MakeItReal\\Tareas\\Dia29\\Manana\\BE\\src\\db.js","statementMap":{"0":{"start":{"line":1,"column":17},"end":{"line":1,"column":36}},"1":{"start":{"line":3,"column":0},"end":{"line":16,"column":2}},"2":{"start":{"line":10,"column":6},"end":{"line":14,"column":7}},"3":{"start":{"line":11,"column":9},"end":{"line":11,"column":54}},"4":{"start":{"line":13,"column":9},"end":{"line":13,"column":55}},"5":{"start":{"line":18,"column":0},"end":{"line":18,"column":26}}},"fnMap":{"0":{"name":"(anonymous_0)","decl":{"start":{"line":9,"column":3},"end":{"line":9,"column":4}},"loc":{"start":{"line":9,"column":10},"end":{"line":15,"column":4}},"line":9}},"branchMap":{"0":{"loc":{"start":{"line":10,"column":6},"end":{"line":14,"column":7}},"type":"if","locations":[{"start":{"line":10,"column":6},"end":{"line":14,"column":7}},{"start":{"line":10,"column":6},"end":{"line":14,"column":7}}],"line":10}},"s":{"0":1,"1":1,"2":1,"3":1,"4":0,"5":1},"f":{"0":1},"b":{"0":[1,0]},"_coverageSchema":"1a1c01bbd47fc00a2c39e90264f33305004495a9","hash":"b46f50370624a5173d9ef9cc01634d963aa70751"}
,"D:\\MakeItReal\\Tareas\\Dia29\\Manana\\BE\\src\\controllers\\toDo.controller.js": {"path":"D:\\MakeItReal\\Tareas\\Dia29\\Manana\\BE\\src\\controllers\\toDo.controller.js","statementMap":{"0":{"start":{"line":1,"column":13},"end":{"line":1,"column":44}},"1":{"start":{"line":3,"column":0},"end":{"line":51,"column":2}},"2":{"start":{"line":5,"column":6},"end":{"line":10,"column":7}},"3":{"start":{"line":6,"column":24},"end":{"line":6,"column":41}},"4":{"start":{"line":7,"column":9},"end":{"line":7,"column":38}},"5":{"start":{"line":9,"column":9},"end":{"line":9,"column":37}},"6":{"start":{"line":13,"column":6},"end":{"line":19,"column":7}},"7":{"start":{"line":14,"column":20},"end":{"line":14,"column":33}},"8":{"start":{"line":15,"column":24},"end":{"line":15,"column":47}},"9":{"start":{"line":16,"column":9},"end":{"line":16,"column":38}},"10":{"start":{"line":18,"column":9},"end":{"line":18,"column":37}},"11":{"start":{"line":22,"column":6},"end":{"line":28,"column":7}},"12":{"start":{"line":23,"column":22},"end":{"line":23,"column":30}},"13":{"start":{"line":24,"column":24},"end":{"line":24,"column":47}},"14":{"start":{"line":25,"column":9},"end":{"line":25,"column":38}},"15":{"start":{"line":27,"column":9},"end":{"line":27,"column":37}},"16":{"start":{"line":31,"column":6},"end":{"line":40,"column":7}},"17":{"start":{"line":32,"column":20},"end":{"line":32,"column":33}},"18":{"start":{"line":33,"column":22},"end":{"line":33,"column":30}},"19":{"start":{"line":34,"column":24},"end":{"line":36,"column":11}},"20":{"start":{"line":37,"column":9},"end":{"line":37,"column":38}},"21":{"start":{"line":39,"column":9},"end":{"line":39,"column":37}},"22":{"start":{"line":43,"column":6},"end":{"line":49,"column":7}},"23":{"start":{"line":44,"column":20},"end":{"line":44,"column":33}},"24":{"start":{"line":45,"column":24},"end":{"line":45,"column":56}},"25":{"start":{"line":46,"column":9},"end":{"line":46,"column":38}},"26":{"start":{"line":48,"column":9},"end":{"line":48,"column":37}}},"fnMap":{"0":{"name":"(anonymous_0)","decl":{"start":{"line":4,"column":3},"end":{"line":4,"column":4}},"loc":{"start":{"line":4,"column":24},"end":{"line":11,"column":4}},"line":4},"1":{"name":"(anonymous_1)","decl":{"start":{"line":12,"column":3},"end":{"line":12,"column":4}},"loc":{"start":{"line":12,"column":28},"end":{"line":20,"column":4}},"line":12},"2":{"name":"(anonymous_2)","decl":{"start":{"line":21,"column":3},"end":{"line":21,"column":4}},"loc":{"start":{"line":21,"column":26},"end":{"line":29,"column":4}},"line":21},"3":{"name":"(anonymous_3)","decl":{"start":{"line":30,"column":3},"end":{"line":30,"column":4}},"loc":{"start":{"line":30,"column":37},"end":{"line":41,"column":4}},"line":30},"4":{"name":"(anonymous_4)","decl":{"start":{"line":42,"column":3},"end":{"line":42,"column":4}},"loc":{"start":{"line":42,"column":37},"end":{"line":50,"column":4}},"line":42}},"branchMap":{},"s":{"0":1,"1":1,"2":1,"3":1,"4":1,"5":0,"6":1,"7":1,"8":1,"9":1,"10":0,"11":2,"12":2,"13":2,"14":1,"15":1,"16":1,"17":1,"18":1,"19":1,"20":1,"21":0,"22":1,"23":1,"24":1,"25":1,"26":0},"f":{"0":1,"1":1,"2":2,"3":1,"4":1},"b":{},"_coverageSchema":"1a1c01bbd47fc00a2c39e90264f33305004495a9","hash":"0054f3133ba35bf2bcfa7f1a6d95c1635db75208"}
,"D:\\MakeItReal\\Tareas\\Dia29\\Manana\\BE\\src\\controllers\\user.controller.js": {"path":"D:\\MakeItReal\\Tareas\\Dia29\\Manana\\BE\\src\\controllers\\user.controller.js","statementMap":{"0":{"start":{"line":1,"column":13},"end":{"line":1,"column":44}},"1":{"start":{"line":3,"column":0},"end":{"line":34,"column":2}},"2":{"start":{"line":5,"column":6},"end":{"line":11,"column":7}},"3":{"start":{"line":6,"column":22},"end":{"line":6,"column":30}},"4":{"start":{"line":7,"column":24},"end":{"line":7,"column":47}},"5":{"start":{"line":8,"column":9},"end":{"line":8,"column":38}},"6":{"start":{"line":10,"column":9},"end":{"line":10,"column":37}},"7":{"start":{"line":14,"column":6},"end":{"line":24,"column":7}},"8":{"start":{"line":15,"column":30},"end":{"line":15,"column":38}},"9":{"start":{"line":16,"column":22},"end":{"line":16,"column":71}},"10":{"start":{"line":17,"column":9},"end":{"line":21,"column":10}},"11":{"start":{"line":18,"column":12},"end":{"line":18,"column":46}},"12":{"start":{"line":20,"column":12},"end":{"line":20,"column":32}},"13":{"start":{"line":23,"column":9},"end":{"line":23,"column":37}},"14":{"start":{"line":27,"column":6},"end":{"line":32,"column":7}},"15":{"start":{"line":28,"column":9},"end":{"line":28,"column":28}},"16":{"start":{"line":29,"column":9},"end":{"line":29,"column":29}},"17":{"start":{"line":31,"column":9},"end":{"line":31,"column":37}}},"fnMap":{"0":{"name":"(anonymous_0)","decl":{"start":{"line":4,"column":3},"end":{"line":4,"column":4}},"loc":{"start":{"line":4,"column":26},"end":{"line":12,"column":4}},"line":4},"1":{"name":"(anonymous_1)","decl":{"start":{"line":13,"column":3},"end":{"line":13,"column":4}},"loc":{"start":{"line":13,"column":25},"end":{"line":25,"column":4}},"line":13},"2":{"name":"(anonymous_2)","decl":{"start":{"line":26,"column":3},"end":{"line":26,"column":4}},"loc":{"start":{"line":26,"column":26},"end":{"line":33,"column":4}},"line":26}},"branchMap":{"0":{"loc":{"start":{"line":17,"column":9},"end":{"line":21,"column":10}},"type":"if","locations":[{"start":{"line":17,"column":9},"end":{"line":21,"column":10}},{"start":{"line":17,"column":9},"end":{"line":21,"column":10}}],"line":17}},"s":{"0":1,"1":1,"2":1,"3":1,"4":1,"5":1,"6":0,"7":2,"8":2,"9":2,"10":2,"11":1,"12":1,"13":0,"14":1,"15":1,"16":1,"17":0},"f":{"0":1,"1":2,"2":1},"b":{"0":[1,1]},"_coverageSchema":"1a1c01bbd47fc00a2c39e90264f33305004495a9","hash":"b752bb62d3024bd535243cf9b6e5cb2e01e8ff26"}
,"D:\\MakeItReal\\Tareas\\Dia29\\Manana\\BE\\src\\models\\toDo.model.js": {"path":"D:\\MakeItReal\\Tareas\\Dia29\\Manana\\BE\\src\\models\\toDo.model.js","statementMap":{"0":{"start":{"line":1,"column":17},"end":{"line":1,"column":36}},"1":{"start":{"line":5,"column":19},"end":{"line":17,"column":1}},"2":{"start":{"line":19,"column":0},"end":{"line":19,"column":52}}},"fnMap":{},"branchMap":{},"s":{"0":1,"1":1,"2":1},"f":{},"b":{},"_coverageSchema":"1a1c01bbd47fc00a2c39e90264f33305004495a9","hash":"926a310a1e28d6bf6e3f87e77b715e548c5d3486"}
,"D:\\MakeItReal\\Tareas\\Dia29\\Manana\\BE\\src\\models\\user.model.js": {"path":"D:\\MakeItReal\\Tareas\\Dia29\\Manana\\BE\\src\\models\\user.model.js","statementMap":{"0":{"start":{"line":1,"column":17},"end":{"line":1,"column":36}},"1":{"start":{"line":3,"column":19},"end":{"line":19,"column":1}},"2":{"start":{"line":21,"column":0},"end":{"line":21,"column":52}}},"fnMap":{},"branchMap":{},"s":{"0":1,"1":1,"2":1},"f":{},"b":{},"_coverageSchema":"1a1c01bbd47fc00a2c39e90264f33305004495a9","hash":"c0ada9cd667669baba4032d4430f5feecda57c59"}
,"D:\\MakeItReal\\Tareas\\Dia29\\Manana\\BE\\src\\routes\\toDo.route.js": {"path":"D:\\MakeItReal\\Tareas\\Dia29\\Manana\\BE\\src\\routes\\toDo.route.js","statementMap":{"0":{"start":{"line":1,"column":15},"end":{"line":1,"column":42}},"1":{"start":{"line":2,"column":23},"end":{"line":2,"column":64}},"2":{"start":{"line":4,"column":0},"end":{"line":4,"column":43}},"3":{"start":{"line":5,"column":0},"end":{"line":5,"column":50}},"4":{"start":{"line":6,"column":0},"end":{"line":6,"column":46}},"5":{"start":{"line":7,"column":0},"end":{"line":7,"column":59}},"6":{"start":{"line":8,"column":0},"end":{"line":8,"column":62}},"7":{"start":{"line":10,"column":0},"end":{"line":10,"column":24}}},"fnMap":{},"branchMap":{},"s":{"0":1,"1":1,"2":1,"3":1,"4":1,"5":1,"6":1,"7":1},"f":{},"b":{},"_coverageSchema":"1a1c01bbd47fc00a2c39e90264f33305004495a9","hash":"b87e3d6ede4a7a02b6e47c31cfbdf76b3097d9c6"}
,"D:\\MakeItReal\\Tareas\\Dia29\\Manana\\BE\\src\\routes\\user.route.js": {"path":"D:\\MakeItReal\\Tareas\\Dia29\\Manana\\BE\\src\\routes\\user.route.js","statementMap":{"0":{"start":{"line":1,"column":15},"end":{"line":1,"column":42}},"1":{"start":{"line":2,"column":23},"end":{"line":2,"column":64}},"2":{"start":{"line":4,"column":0},"end":{"line":4,"column":52}},"3":{"start":{"line":5,"column":0},"end":{"line":5,"column":50}},"4":{"start":{"line":6,"column":0},"end":{"line":6,"column":51}},"5":{"start":{"line":8,"column":0},"end":{"line":8,"column":24}}},"fnMap":{},"branchMap":{},"s":{"0":1,"1":1,"2":1,"3":1,"4":1,"5":1},"f":{},"b":{},"_coverageSchema":"1a1c01bbd47fc00a2c39e90264f33305004495a9","hash":"667790b5bfd8060651f3d3b580779a55d8781db0"}
}
